LIN20002609 vipbhaga [2021-12-20 12:48:29.30832] 'C:\Users\vipbhaga\OneDrive - Capgemini\WORK\PowerShell\PoC\CommonFunctions.ps1' 210 I StopService_ByName0688 Started with Parameters: P_JSONServiceParamName P_AdminRightsRequired With Values: ServiceNameToStop Yes
LIN20002609 vipbhaga [2021-12-20 12:48:29.31231] 'C:\Users\vipbhaga\OneDrive - Capgemini\WORK\PowerShell\PoC\CommonFunctions.ps1' 69 I GetJsonObject4452 Started with Parameters:  With Values: 
LIN20002609 vipbhaga [2021-12-20 12:48:29.32328] 'C:\Users\vipbhaga\OneDrive - Capgemini\WORK\PowerShell\PoC\CommonFunctions.ps1' 82 I GetJsonObject8108 Completed with Return Values: 
LIN20002609 vipbhaga [2021-12-20 12:48:29.32528] 'C:\Users\vipbhaga\OneDrive - Capgemini\WORK\PowerShell\PoC\CommonFunctions.ps1' 99 I GetJsonParamValue8981 Started with Parameters: menu P_Name With Values:  ServiceNameToStop
LIN20002609 vipbhaga [2021-12-20 12:48:29.32929] 'C:\Users\vipbhaga\OneDrive - Capgemini\WORK\PowerShell\PoC\CommonFunctions.ps1' 114 I GetJsonParamValue9699 Completed with Return Values: Yes AdobeARMservice
LIN20002609 vipbhaga [2021-12-20 12:48:29.33525] 'C:\Users\vipbhaga\OneDrive - Capgemini\WORK\PowerShell\PoC\CommonFunctions.ps1' 129 I CheckAdminRights5625 Started with Parameters:  With Values: 
LIN20002609 vipbhaga [2021-12-20 12:48:29.34423] 'C:\Users\vipbhaga\OneDrive - Capgemini\WORK\PowerShell\PoC\CommonFunctions.ps1' 142 E Error ERR_0000003 - Admin Rights not there
LIN20002609 vipbhaga [2021-12-20 12:48:29.34823] 'C:\Users\vipbhaga\OneDrive - Capgemini\WORK\PowerShell\PoC\CommonFunctions.ps1' 143 I Admin Rights are not there
LIN20002609 vipbhaga [2021-12-20 12:48:29.35121] 'C:\Users\vipbhaga\OneDrive - Capgemini\WORK\PowerShell\PoC\CommonFunctions.ps1' 147 I CheckAdminRights4545 Completed with Return Values: False
LIN20002609 vipbhaga [2021-12-20 12:48:29.35420] 'C:\Users\vipbhaga\OneDrive - Capgemini\WORK\PowerShell\PoC\CommonFunctions.ps1' 160 I GetServiceDetailsByName2681 Started with Parameters: P_JsonServiceName With Values: AdobeARMservice
LIN20002609 vipbhaga [2021-12-20 12:48:29.36122] 'C:\Users\vipbhaga\OneDrive - Capgemini\WORK\PowerShell\PoC\CommonFunctions.ps1' 173 I GetServiceDetailsByName4292 Completed with Return Values: System.ServiceProcess.ServiceController
LIN20002609 vipbhaga [2021-12-20 12:48:29.36717] 'C:\Users\vipbhaga\OneDrive - Capgemini\WORK\PowerShell\PoC\CommonFunctions.ps1' 226 I Service AdobeARMservice is running and program will try to stop it
LIN20002609 vipbhaga [2021-12-20 12:48:29.37584] 'C:\Users\vipbhaga\OneDrive - Capgemini\WORK\PowerShell\PoC\CommonFunctions.ps1' 237 E Error ERR_0000001 - Unable to Stop Service Service 'Adobe Acrobat Update Service (AdobeARMservice)' cannot be stopped due to the following error: Cannot open AdobeARMservice service on computer '.'. at StopService_ByName<Process>, C:\Users\vipbhaga\OneDrive - Capgemini\WORK\PowerShell\PoC\CommonFunctions.ps1: line 228
at <ScriptBlock>, C:\Users\vipbhaga\OneDrive - Capgemini\WORK\PowerShell\PoC\CommonFunctions.ps1: line 390
LIN20002609 vipbhaga [2021-12-20 12:48:29.38685] 'C:\Users\vipbhaga\OneDrive - Capgemini\WORK\PowerShell\PoC\CommonFunctions.ps1' 243 I StopService_ByName7908 Completed with Return Values: 
LIN20002609 vipbhaga [2021-12-20 12:48:29.38885] 'C:\Users\vipbhaga\OneDrive - Capgemini\WORK\PowerShell\PoC\CommonFunctions.ps1' 302 I StartService_ByName5287 Started with Parameters: P_JSONServiceParamName P_AdminRightsRequired With Values: ServiceNameToStart Yes
LIN20002609 vipbhaga [2021-12-20 12:48:29.38984] 'C:\Users\vipbhaga\OneDrive - Capgemini\WORK\PowerShell\PoC\CommonFunctions.ps1' 69 I GetJsonObject4663 Started with Parameters:  With Values: 
LIN20002609 vipbhaga [2021-12-20 12:48:29.39479] 'C:\Users\vipbhaga\OneDrive - Capgemini\WORK\PowerShell\PoC\CommonFunctions.ps1' 82 I GetJsonObject7288 Completed with Return Values: 
LIN20002609 vipbhaga [2021-12-20 12:48:29.39678] 'C:\Users\vipbhaga\OneDrive - Capgemini\WORK\PowerShell\PoC\CommonFunctions.ps1' 99 I GetJsonParamValue5847 Started with Parameters: menu P_Name ErrorAction With Values:  ServiceNameToStart Stop
LIN20002609 vipbhaga [2021-12-20 12:48:29.40377] 'C:\Users\vipbhaga\OneDrive - Capgemini\WORK\PowerShell\PoC\CommonFunctions.ps1' 114 I GetJsonParamValue8233 Completed with Return Values: Yes AdobeARMservice
LIN20002609 vipbhaga [2021-12-20 12:48:29.40775] 'C:\Users\vipbhaga\OneDrive - Capgemini\WORK\PowerShell\PoC\CommonFunctions.ps1' 129 I CheckAdminRights9897 Started with Parameters:  With Values: 
LIN20002609 vipbhaga [2021-12-20 12:48:29.40975] 'C:\Users\vipbhaga\OneDrive - Capgemini\WORK\PowerShell\PoC\CommonFunctions.ps1' 142 E Error ERR_0000003 - Admin Rights not there
LIN20002609 vipbhaga [2021-12-20 12:48:29.41079] 'C:\Users\vipbhaga\OneDrive - Capgemini\WORK\PowerShell\PoC\CommonFunctions.ps1' 143 I Admin Rights are not there
LIN20002609 vipbhaga [2021-12-20 12:48:29.41277] 'C:\Users\vipbhaga\OneDrive - Capgemini\WORK\PowerShell\PoC\CommonFunctions.ps1' 147 I CheckAdminRights7299 Completed with Return Values: False
LIN20002609 vipbhaga [2021-12-20 12:48:29.41474] 'C:\Users\vipbhaga\OneDrive - Capgemini\WORK\PowerShell\PoC\CommonFunctions.ps1' 160 I GetServiceDetailsByName8362 Started with Parameters: P_JsonServiceName With Values: AdobeARMservice
LIN20002609 vipbhaga [2021-12-20 12:48:29.41873] 'C:\Users\vipbhaga\OneDrive - Capgemini\WORK\PowerShell\PoC\CommonFunctions.ps1' 173 I GetServiceDetailsByName6153 Completed with Return Values: System.ServiceProcess.ServiceController
LIN20002609 vipbhaga [2021-12-20 12:48:29.42670] 'C:\Users\vipbhaga\OneDrive - Capgemini\WORK\PowerShell\PoC\CommonFunctions.ps1' 315 I Service AdobeARMservice is Already running and can not start it
LIN20002609 vipbhaga [2021-12-20 12:48:29.42870] 'C:\Users\vipbhaga\OneDrive - Capgemini\WORK\PowerShell\PoC\CommonFunctions.ps1' 335 I StartService_ByName3804 Completed with Return Values: 
