LIN20002609 vipbhaga [2021-12-23 12:01:10.90865] 'C:\Users\vipbhaga\OneDrive - Capgemini\WORK\PowerShell\PoC\CommonFunctions.ps1' 675 I RegisterFileChangeEvent  9689 Started with Parameters: P_FileName With Values: C:\Users\vipbhaga\OneDrive - Capgemini\WORK\PowerShell\PoC\LIN20002609.err
LIN20002609 vipbhaga [2021-12-23 12:01:10.91263] 'C:\Users\vipbhaga\OneDrive - Capgemini\WORK\PowerShell\PoC\CommonFunctions.ps1' 685 E RegisterFileChangeEvent  9689 Error Cannot bind argument to parameter 'InputObject' because it is null. at RegisterFileChangeEvent<Process>, C:\Users\vipbhaga\OneDrive - Capgemini\WORK\PowerShell\PoC\CommonFunctions.ps1: line 679
at <ScriptBlock>, C:\Users\vipbhaga\OneDrive - Capgemini\WORK\PowerShell\PoC\CommonFunctions.ps1: line 738
LIN20002609 vipbhaga [2021-12-23 12:01:10.91862] 'C:\Users\vipbhaga\OneDrive - Capgemini\WORK\PowerShell\PoC\CommonFunctions.ps1' 691 I RegisterFileChangeEvent 9689 Completed with Return Values: 
LIN20002609 vipbhaga [2021-12-23 12:10:24.82642] 'C:\Users\vipbhaga\OneDrive - Capgemini\WORK\PowerShell\PoC\CommonFunctions.ps1' 603 I GetEventLogs  4169 Started with Parameters: P_LogName P_EntryType P_BeginDate P_EndDate P_Source With Values: System Error 22-12-2021 12:10:24 23-12-2021 12:10:24 NETLOGON
LIN20002609 vipbhaga [2021-12-23 12:10:38.30053] 'C:\Users\vipbhaga\OneDrive - Capgemini\WORK\PowerShell\PoC\CommonFunctions.ps1' 615 I GetEventLogs 4169 Completed with Return Values: System.Diagnostics.EventLogEntry System.Diagnostics.EventLogEntry System.Diagnostics.EventLogEntry System.Diagnostics.EventLogEntry
LIN20002609 vipbhaga [2021-12-23 12:11:06.90025] 'C:\Users\vipbhaga\OneDrive - Capgemini\WORK\PowerShell\PoC\CommonFunctions.ps1' 633 I Send_Text_Email  1595 Started with Parameters: P_From P_To P_Subject P_Body P_Priority P_SMTP_Server With Values: noreply@ikeadt.com vipul.bhagat@inter.ikea.com Test Test Email From Function High smtp-gw.ikeadt.com
LIN20002609 vipbhaga [2021-12-23 12:11:07.19166] 'C:\Users\vipbhaga\OneDrive - Capgemini\WORK\PowerShell\PoC\CommonFunctions.ps1' 647 I Send_Text_Email 1595 Completed with Return Values: 
LIN20002609 vipbhaga [2021-12-23 12:11:33.04830] 'C:\Users\vipbhaga\OneDrive - Capgemini\WORK\PowerShell\PoC\CommonFunctions.ps1' 565 I CheckServerOnlineStatus  5663 Started with Parameters: P_ServerName With Values: 127.0.0.1009090909099
LIN20002609 vipbhaga [2021-12-23 12:11:33.14201] 'C:\Users\vipbhaga\OneDrive - Capgemini\WORK\PowerShell\PoC\CommonFunctions.ps1' 575 E CheckServerOnlineStatus  5663 Error ERR_0000006 - Error while loading JSON Configuration file Server: 127.0.0.1009090909099 is Offline
LIN20002609 vipbhaga [2021-12-23 12:11:33.15432] 'C:\Users\vipbhaga\OneDrive - Capgemini\WORK\PowerShell\PoC\CommonFunctions.ps1' 584 I CheckServerOnlineStatus 5663 Completed with Return Values: -738146.12:11:33.0462669 No
LIN20002609 vipbhaga [2021-12-23 12:11:53.44657] 'C:\Users\vipbhaga\OneDrive - Capgemini\WORK\PowerShell\PoC\CommonFunctions.ps1' 565 I CheckServerOnlineStatus  2038 Started with Parameters: P_ServerName With Values: 127.0.0.1009090909099
LIN20002609 vipbhaga [2021-12-23 12:11:53.46652] 'C:\Users\vipbhaga\OneDrive - Capgemini\WORK\PowerShell\PoC\CommonFunctions.ps1' 575 E CheckServerOnlineStatus  2038 Error ERR_0000006 - Error while loading JSON Configuration file Server: 127.0.0.1009090909099 is Offline
LIN20002609 vipbhaga [2021-12-23 12:11:53.48048] 'C:\Users\vipbhaga\OneDrive - Capgemini\WORK\PowerShell\PoC\CommonFunctions.ps1' 584 I CheckServerOnlineStatus 2038 Completed with Return Values: -738146.12:11:53.4455772 No
LIN20002609 vipbhaga [2021-12-23 12:16:30.39813] 'C:\Users\vipbhaga\OneDrive - Capgemini\WORK\PowerShell\PoC\CommonFunctions.ps1' 565 I CheckServerOnlineStatus  7818 Started with Parameters: P_ServerName With Values: 127.0.0.1009090909099
LIN20002609 vipbhaga [2021-12-23 12:16:30.42503] 'C:\Users\vipbhaga\OneDrive - Capgemini\WORK\PowerShell\PoC\CommonFunctions.ps1' 575 E CheckServerOnlineStatus  7818 Error ERR_0000006 - Error while loading JSON Configuration file Server: 127.0.0.1009090909099 is Offline
LIN20002609 vipbhaga [2021-12-23 12:16:30.43201] 'C:\Users\vipbhaga\OneDrive - Capgemini\WORK\PowerShell\PoC\CommonFunctions.ps1' 584 I CheckServerOnlineStatus 7818 Completed with Return Values: -738146.12:16:30.3970951 No
LIN20002609 vipbhaga [2021-12-23 15:29:46.81939] 'C:\Users\vipbhaga\OneDrive - Capgemini\WORK\PowerShell\PoC\CommonFunctions.ps1' 664 I RegisterFileChangeEvent  9527 Started with Parameters: P_FileName P_Identifier With Values: C:\Users\vipbhaga\OneDrive - Capgemini\WORK\PowerShell\PoC POC
LIN20002609 vipbhaga [2021-12-23 15:29:46.90269] 'C:\Users\vipbhaga\OneDrive - Capgemini\WORK\PowerShell\PoC\CommonFunctions.ps1' 688 E RegisterFileChangeEvent  9527 Error Cannot bind parameter 'SubscriptionId'. Cannot convert the "ad9c9b73-473a-4585-913b-c490d13c94bd" value of type "System.Guid" to type "System.Int32". at RegisterFileChangeEvent<Process>, C:\Users\vipbhaga\OneDrive - Capgemini\WORK\PowerShell\PoC\CommonFunctions.ps1: line 685
at <ScriptBlock>, C:\Users\vipbhaga\OneDrive - Capgemini\WORK\PowerShell\PoC\CommonFunctions.ps1: line 740
LIN20002609 vipbhaga [2021-12-23 15:29:46.92539] 'C:\Users\vipbhaga\OneDrive - Capgemini\WORK\PowerShell\PoC\CommonFunctions.ps1' 694 I RegisterFileChangeEvent 9527 Completed with Return Values: 
LIN20002609 vipbhaga [2021-12-23 15:32:06.19175] 'C:\Users\vipbhaga\OneDrive - Capgemini\WORK\PowerShell\PoC\CommonFunctions.ps1' 664 I RegisterFileChangeEvent  0286 Started with Parameters: P_FileName P_Identifier With Values: C:\Users\vipbhaga\OneDrive - Capgemini\WORK\PowerShell\PoC POC
LIN20002609 vipbhaga [2021-12-23 15:32:06.20571] 'C:\Users\vipbhaga\OneDrive - Capgemini\WORK\PowerShell\PoC\CommonFunctions.ps1' 688 E RegisterFileChangeEvent  0286 Error Cannot bind parameter 'SubscriptionId'. Cannot convert value "POC" to type "System.Int32". Error: "Input string was not in a correct format." at RegisterFileChangeEvent<Process>, C:\Users\vipbhaga\OneDrive - Capgemini\WORK\PowerShell\PoC\CommonFunctions.ps1: line 685
at <ScriptBlock>, C:\Users\vipbhaga\OneDrive - Capgemini\WORK\PowerShell\PoC\CommonFunctions.ps1: line 740
LIN20002609 vipbhaga [2021-12-23 15:32:06.21669] 'C:\Users\vipbhaga\OneDrive - Capgemini\WORK\PowerShell\PoC\CommonFunctions.ps1' 694 I RegisterFileChangeEvent 0286 Completed with Return Values: 
LIN20002609 vipbhaga [2021-12-23 15:33:11.57989] 'C:\Users\vipbhaga\OneDrive - Capgemini\WORK\PowerShell\PoC\CommonFunctions.ps1' 664 I RegisterFileChangeEvent  0829 Started with Parameters: P_FileName P_Identifier With Values: C:\Users\vipbhaga\OneDrive - Capgemini\WORK\PowerShell\PoC POC
LIN20002609 vipbhaga [2021-12-23 15:33:11.58691] 'C:\Users\vipbhaga\OneDrive - Capgemini\WORK\PowerShell\PoC\CommonFunctions.ps1' 688 E RegisterFileChangeEvent  0829 Error Cannot bind parameter 'SubscriptionId'. Cannot convert value "POC" to type "System.Int32". Error: "Input string was not in a correct format." at RegisterFileChangeEvent<Process>, C:\Users\vipbhaga\OneDrive - Capgemini\WORK\PowerShell\PoC\CommonFunctions.ps1: line 685
at <ScriptBlock>, C:\Users\vipbhaga\OneDrive - Capgemini\WORK\PowerShell\PoC\CommonFunctions.ps1: line 740
LIN20002609 vipbhaga [2021-12-23 15:33:11.59555] 'C:\Users\vipbhaga\OneDrive - Capgemini\WORK\PowerShell\PoC\CommonFunctions.ps1' 694 I RegisterFileChangeEvent 0829 Completed with Return Values: 
LIN20002609 vipbhaga [2021-12-23 15:33:38.50731] 'C:\Users\vipbhaga\OneDrive - Capgemini\WORK\PowerShell\PoC\CommonFunctions.ps1' 664 I RegisterFileChangeEvent  7684 Started with Parameters: P_FileName P_Identifier With Values: C:\Users\vipbhaga\OneDrive - Capgemini\WORK\PowerShell\PoC POC
LIN20002609 vipbhaga [2021-12-23 15:33:38.51329] 'C:\Users\vipbhaga\OneDrive - Capgemini\WORK\PowerShell\PoC\CommonFunctions.ps1' 694 I RegisterFileChangeEvent 7684 Completed with Return Values: 
LIN20002609 vipbhaga [2021-12-23 15:33:58.65163] 'C:\Users\vipbhaga\OneDrive - Capgemini\WORK\PowerShell\PoC\CommonFunctions.ps1' 664 I RegisterFileChangeEvent  2384 Started with Parameters: P_FileName P_Identifier With Values: C:\Users\vipbhaga\OneDrive - Capgemini\WORK\PowerShell\PoC POC
LIN20002609 vipbhaga [2021-12-23 15:33:58.65762] 'C:\Users\vipbhaga\OneDrive - Capgemini\WORK\PowerShell\PoC\CommonFunctions.ps1' 694 I RegisterFileChangeEvent 2384 Completed with Return Values: 
LIN20002609 vipbhaga [2021-12-23 15:37:16.44319] 'C:\Users\vipbhaga\OneDrive - Capgemini\WORK\PowerShell\PoC\CommonFunctions.ps1' 664 I RegisterFileChangeEvent  8686 Started with Parameters: P_FileName P_Identifier With Values: C:\Users\vipbhaga\OneDrive - Capgemini\WORK\PowerShell\PoC POC
LIN20002609 vipbhaga [2021-12-23 15:37:16.45320] 'C:\Users\vipbhaga\OneDrive - Capgemini\WORK\PowerShell\PoC\CommonFunctions.ps1' 684 I RegisterFileChangeEvent 8686 JobID with Identifier: POC registered with ID: 15
LIN20002609 vipbhaga [2021-12-23 15:37:16.45814] 'C:\Users\vipbhaga\OneDrive - Capgemini\WORK\PowerShell\PoC\CommonFunctions.ps1' 695 I RegisterFileChangeEvent 8686 Completed with Return Values: 
LIN20002609 vipbhaga [2021-12-23 15:41:00.34807] 'C:\Users\vipbhaga\OneDrive - Capgemini\WORK\PowerShell\PoC\CommonFunctions.ps1' 664 I RegisterFileChangeEvent  1706 Started with Parameters: P_FileName P_Identifier With Values: C:\Users\vipbhaga\OneDrive - Capgemini\WORK\PowerShell\PoC POC
LIN20002609 vipbhaga [2021-12-23 15:41:00.36739] 'C:\Users\vipbhaga\OneDrive - Capgemini\WORK\PowerShell\PoC\CommonFunctions.ps1' 688 I RegisterFileChangeEvent 1706 JobID with Identifier: POC registered with ID: 16
LIN20002609 vipbhaga [2021-12-23 15:41:00.38234] 'C:\Users\vipbhaga\OneDrive - Capgemini\WORK\PowerShell\PoC\CommonFunctions.ps1' 700 I RegisterFileChangeEvent 1706 Completed with Return Values: Yes 16
LIN20002609 vipbhaga [2021-12-23 15:41:09.00182] 'C:\Users\vipbhaga\OneDrive - Capgemini\WORK\PowerShell\PoC\CommonFunctions.ps1' 664 I RegisterFileChangeEvent  9000 Started with Parameters: P_FileName P_Identifier With Values: C:\Users\vipbhaga\OneDrive - Capgemini\WORK\PowerShell\PoC POC
LIN20002609 vipbhaga [2021-12-23 15:41:09.00681] 'C:\Users\vipbhaga\OneDrive - Capgemini\WORK\PowerShell\PoC\CommonFunctions.ps1' 688 I RegisterFileChangeEvent 9000 JobID with Identifier: POC registered with ID: 17
LIN20002609 vipbhaga [2021-12-23 15:41:09.01080] 'C:\Users\vipbhaga\OneDrive - Capgemini\WORK\PowerShell\PoC\CommonFunctions.ps1' 700 I RegisterFileChangeEvent 9000 Completed with Return Values: Yes 17
LIN20002609 vipbhaga [2021-12-23 15:41:14.08117] 'C:\Users\vipbhaga\OneDrive - Capgemini\WORK\PowerShell\PoC\CommonFunctions.ps1' 664 I RegisterFileChangeEvent  0658 Started with Parameters: P_FileName P_Identifier With Values: C:\Users\vipbhaga\OneDrive - Capgemini\WORK\PowerShell\PoC POC
LIN20002609 vipbhaga [2021-12-23 15:41:14.11014] 'C:\Users\vipbhaga\OneDrive - Capgemini\WORK\PowerShell\PoC\CommonFunctions.ps1' 669 I RegisterFileChangeEvent 0658 JobID with Identifier: POC already exists. Can not create another with the same Identifier name
LIN20002609 vipbhaga [2021-12-23 15:41:56.66919] 'C:\Users\vipbhaga\OneDrive - Capgemini\WORK\PowerShell\PoC\CommonFunctions.ps1' 664 I RegisterFileChangeEvent  6636 Started with Parameters: P_FileName P_Identifier With Values: C:\Users\vipbhaga\OneDrive - Capgemini\WORK\PowerShell\PoC POC
LIN20002609 vipbhaga [2021-12-23 15:41:56.72611] 'C:\Users\vipbhaga\OneDrive - Capgemini\WORK\PowerShell\PoC\CommonFunctions.ps1' 688 I RegisterFileChangeEvent 6636 JobID with Identifier: POC registered with ID: 18
LIN20002609 vipbhaga [2021-12-23 15:41:56.75802] 'C:\Users\vipbhaga\OneDrive - Capgemini\WORK\PowerShell\PoC\CommonFunctions.ps1' 700 I RegisterFileChangeEvent 6636 Completed with Return Values: Yes 18
LIN20002609 vipbhaga [2021-12-23 15:42:10.91736] 'C:\Users\vipbhaga\OneDrive - Capgemini\WORK\PowerShell\PoC\CommonFunctions.ps1' 664 I RegisterFileChangeEvent  5885 Started with Parameters: P_FileName P_Identifier With Values: C:\Users\vipbhaga\OneDrive - Capgemini\WORK\PowerShell\PoC POC
LIN20002609 vipbhaga [2021-12-23 15:42:10.93731] 'C:\Users\vipbhaga\OneDrive - Capgemini\WORK\PowerShell\PoC\CommonFunctions.ps1' 669 I RegisterFileChangeEvent 5885 JobID with Identifier: POC already exists. Can not create another with the same Identifier name
LIN20002609 vipbhaga [2021-12-23 15:47:18.19073] 'C:\Users\vipbhaga\OneDrive - Capgemini\WORK\PowerShell\PoC\CommonFunctions.ps1' 715 I UnRegisterFileChangeEvent  5144 Started with Parameters: P_Identifier With Values: POC
LIN20002609 vipbhaga [2021-12-23 15:47:18.19875] 'C:\Users\vipbhaga\OneDrive - Capgemini\WORK\PowerShell\PoC\CommonFunctions.ps1' 723 I UnRegisterFileChangeEvent 5144 JobID with Identifier: POC with ID: 18 in Unregistered
LIN20002609 vipbhaga [2021-12-23 16:55:00.32360] 'C:\Users\vipbhaga\OneDrive - Capgemini\WORK\PowerShell\PoC\CommonFunctions.ps1' 715 I UnRegisterFileChangeEvent  3597 Started with Parameters: P_Identifier With Values: POC
LIN20002609 vipbhaga [2021-12-23 16:55:00.32360] 'C:\Users\vipbhaga\OneDrive - Capgemini\WORK\PowerShell\PoC\CommonFunctions.ps1' 726 I UnRegisterFileChangeEvent 3597 JobID with Identifier: POC does not exists. Can not Unregister the Job Identifier
LIN20002609 vipbhaga [2021-12-23 16:55:00.32360] 'C:\Users\vipbhaga\OneDrive - Capgemini\WORK\PowerShell\PoC\CommonFunctions.ps1' 736 I UnRegisterFileChangeEvent 3597 Completed with Return Values: No 
