LIN20002609 vipbhaga [2021-12-20 12:52:26.05172] 'C:\Users\vipbhaga\OneDrive - Capgemini\WORK\PowerShell\PoC\CommonFunctions.ps1' 217 I StopService_ByName 8771 Started with Parameters: P_JSONServiceParamName P_AdminRightsRequired With Values: ServiceNameToStop Yes
LIN20002609 vipbhaga [2021-12-20 12:52:26.05476] 'C:\Users\vipbhaga\OneDrive - Capgemini\WORK\PowerShell\PoC\CommonFunctions.ps1' 71 I GetJsonObject 1175 Started with Parameters:  With Values: 
LIN20002609 vipbhaga [2021-12-20 12:52:26.05771] 'C:\Users\vipbhaga\OneDrive - Capgemini\WORK\PowerShell\PoC\CommonFunctions.ps1' 84 I GetJsonObject 1175 Completed with Return Values: 
LIN20002609 vipbhaga [2021-12-20 12:52:26.06070] 'C:\Users\vipbhaga\OneDrive - Capgemini\WORK\PowerShell\PoC\CommonFunctions.ps1' 102 I GetJsonParamValue 7435 Started with Parameters: menu P_Name With Values:  ServiceNameToStop
LIN20002609 vipbhaga [2021-12-20 12:52:26.06269] 'C:\Users\vipbhaga\OneDrive - Capgemini\WORK\PowerShell\PoC\CommonFunctions.ps1' 117 I GetJsonParamValue 7435 Completed with Return Values: Yes AdobeARMservice
LIN20002609 vipbhaga [2021-12-20 12:52:26.07366] 'C:\Users\vipbhaga\OneDrive - Capgemini\WORK\PowerShell\PoC\CommonFunctions.ps1' 133 I CheckAdminRights 8795 Started with Parameters:  With Values: 
LIN20002609 vipbhaga [2021-12-20 12:52:26.07566] 'C:\Users\vipbhaga\OneDrive - Capgemini\WORK\PowerShell\PoC\CommonFunctions.ps1' 146 E Error ERR_0000003 - Admin Rights not there
LIN20002609 vipbhaga [2021-12-20 12:52:26.07765] 'C:\Users\vipbhaga\OneDrive - Capgemini\WORK\PowerShell\PoC\CommonFunctions.ps1' 147 I Admin Rights are not there
LIN20002609 vipbhaga [2021-12-20 12:52:26.07965] 'C:\Users\vipbhaga\OneDrive - Capgemini\WORK\PowerShell\PoC\CommonFunctions.ps1' 151 I CheckAdminRights 8795 Completed with Return Values: False
LIN20002609 vipbhaga [2021-12-20 12:52:26.08364] 'C:\Users\vipbhaga\OneDrive - Capgemini\WORK\PowerShell\PoC\CommonFunctions.ps1' 165 I GetServiceDetailsByName 4154 Started with Parameters: P_JsonServiceName With Values: AdobeARMservice
LIN20002609 vipbhaga [2021-12-20 12:52:26.09461] 'C:\Users\vipbhaga\OneDrive - Capgemini\WORK\PowerShell\PoC\CommonFunctions.ps1' 178 I GetServiceDetailsByName 4154 Completed with Return Values: System.ServiceProcess.ServiceController
LIN20002609 vipbhaga [2021-12-20 12:52:26.09860] 'C:\Users\vipbhaga\OneDrive - Capgemini\WORK\PowerShell\PoC\CommonFunctions.ps1' 233 I Service AdobeARMservice is running and program will try to stop it
LIN20002609 vipbhaga [2021-12-20 12:52:26.10857] 'C:\Users\vipbhaga\OneDrive - Capgemini\WORK\PowerShell\PoC\CommonFunctions.ps1' 244 E Error ERR_0000001 - Unable to Stop Service Service 'Adobe Acrobat Update Service (AdobeARMservice)' cannot be stopped due to the following error: Cannot open AdobeARMservice service on computer '.'. at StopService_ByName<Process>, C:\Users\vipbhaga\OneDrive - Capgemini\WORK\PowerShell\PoC\CommonFunctions.ps1: line 235
at <ScriptBlock>, C:\Users\vipbhaga\OneDrive - Capgemini\WORK\PowerShell\PoC\CommonFunctions.ps1: line 400
LIN20002609 vipbhaga [2021-12-20 12:52:26.11456] 'C:\Users\vipbhaga\OneDrive - Capgemini\WORK\PowerShell\PoC\CommonFunctions.ps1' 250 I StopService_ByName 8771 Completed with Return Values: 
LIN20002609 vipbhaga [2021-12-20 12:52:26.11854] 'C:\Users\vipbhaga\OneDrive - Capgemini\WORK\PowerShell\PoC\CommonFunctions.ps1' 311 I StartService_ByName 6044 Started with Parameters: P_JSONServiceParamName P_AdminRightsRequired With Values: ServiceNameToStart Yes
LIN20002609 vipbhaga [2021-12-20 12:52:26.12155] 'C:\Users\vipbhaga\OneDrive - Capgemini\WORK\PowerShell\PoC\CommonFunctions.ps1' 71 I GetJsonObject 8531 Started with Parameters:  With Values: 
LIN20002609 vipbhaga [2021-12-20 12:52:26.12557] 'C:\Users\vipbhaga\OneDrive - Capgemini\WORK\PowerShell\PoC\CommonFunctions.ps1' 84 I GetJsonObject 8531 Completed with Return Values: 
LIN20002609 vipbhaga [2021-12-20 12:52:26.13052] 'C:\Users\vipbhaga\OneDrive - Capgemini\WORK\PowerShell\PoC\CommonFunctions.ps1' 102 I GetJsonParamValue 9000 Started with Parameters: menu P_Name ErrorAction With Values:  ServiceNameToStart Stop
LIN20002609 vipbhaga [2021-12-20 12:52:26.13359] 'C:\Users\vipbhaga\OneDrive - Capgemini\WORK\PowerShell\PoC\CommonFunctions.ps1' 117 I GetJsonParamValue 9000 Completed with Return Values: Yes AdobeARMservice
LIN20002609 vipbhaga [2021-12-20 12:52:26.13849] 'C:\Users\vipbhaga\OneDrive - Capgemini\WORK\PowerShell\PoC\CommonFunctions.ps1' 133 I CheckAdminRights 9206 Started with Parameters:  With Values: 
LIN20002609 vipbhaga [2021-12-20 12:52:26.14148] 'C:\Users\vipbhaga\OneDrive - Capgemini\WORK\PowerShell\PoC\CommonFunctions.ps1' 146 E Error ERR_0000003 - Admin Rights not there
LIN20002609 vipbhaga [2021-12-20 12:52:26.14448] 'C:\Users\vipbhaga\OneDrive - Capgemini\WORK\PowerShell\PoC\CommonFunctions.ps1' 147 I Admin Rights are not there
LIN20002609 vipbhaga [2021-12-20 12:52:26.14747] 'C:\Users\vipbhaga\OneDrive - Capgemini\WORK\PowerShell\PoC\CommonFunctions.ps1' 151 I CheckAdminRights 9206 Completed with Return Values: False
LIN20002609 vipbhaga [2021-12-20 12:52:26.14946] 'C:\Users\vipbhaga\OneDrive - Capgemini\WORK\PowerShell\PoC\CommonFunctions.ps1' 165 I GetServiceDetailsByName 6207 Started with Parameters: P_JsonServiceName With Values: AdobeARMservice
LIN20002609 vipbhaga [2021-12-20 12:52:26.15644] 'C:\Users\vipbhaga\OneDrive - Capgemini\WORK\PowerShell\PoC\CommonFunctions.ps1' 178 I GetServiceDetailsByName 6207 Completed with Return Values: System.ServiceProcess.ServiceController
LIN20002609 vipbhaga [2021-12-20 12:52:26.16143] 'C:\Users\vipbhaga\OneDrive - Capgemini\WORK\PowerShell\PoC\CommonFunctions.ps1' 324 I Service AdobeARMservice is Already running and can not start it
LIN20002609 vipbhaga [2021-12-20 12:52:26.16741] 'C:\Users\vipbhaga\OneDrive - Capgemini\WORK\PowerShell\PoC\CommonFunctions.ps1' 344 I StartService_ByName 6044 Completed with Return Values: 
LIN20002609 vipbhaga [2021-12-20 14:29:21.65879] 'C:\Users\vipbhaga\OneDrive - Capgemini\WORK\PowerShell\PoC\CommonFunctions.ps1' 221 I StopService_ByName 8226 Started with Parameters: P_JSONServiceParamName P_AdminRightsRequired With Values: ServiceNameToStop Yes
LIN20002609 vipbhaga [2021-12-20 14:29:21.65879] 'C:\Users\vipbhaga\OneDrive - Capgemini\WORK\PowerShell\PoC\CommonFunctions.ps1' 75 I GetJsonObject 9584 Started with Parameters:  With Values: 
LIN20002609 vipbhaga [2021-12-20 14:29:21.65879] 'C:\Users\vipbhaga\OneDrive - Capgemini\WORK\PowerShell\PoC\CommonFunctions.ps1' 88 I GetJsonObject 9584 Completed with Return Values: 
LIN20002609 vipbhaga [2021-12-20 14:29:21.67441] 'C:\Users\vipbhaga\OneDrive - Capgemini\WORK\PowerShell\PoC\CommonFunctions.ps1' 106 I GetJsonParamValue 1066 Started with Parameters: menu P_Name With Values:  ServiceNameToStop
LIN20002609 vipbhaga [2021-12-20 14:29:21.67942] 'C:\Users\vipbhaga\OneDrive - Capgemini\WORK\PowerShell\PoC\CommonFunctions.ps1' 121 I GetJsonParamValue 1066 Completed with Return Values: Yes AdobeARMservice
LIN20002609 vipbhaga [2021-12-20 14:29:21.67942] 'C:\Users\vipbhaga\OneDrive - Capgemini\WORK\PowerShell\PoC\CommonFunctions.ps1' 137 I CheckAdminRights 3650 Started with Parameters:  With Values: 
LIN20002609 vipbhaga [2021-12-20 14:29:21.67942] 'C:\Users\vipbhaga\OneDrive - Capgemini\WORK\PowerShell\PoC\CommonFunctions.ps1' 150 E Error ERR_0000003 - Admin Rights not there
LIN20002609 vipbhaga [2021-12-20 14:29:21.69510] 'C:\Users\vipbhaga\OneDrive - Capgemini\WORK\PowerShell\PoC\CommonFunctions.ps1' 151 I Admin Rights are not there
LIN20002609 vipbhaga [2021-12-20 14:29:21.69510] 'C:\Users\vipbhaga\OneDrive - Capgemini\WORK\PowerShell\PoC\CommonFunctions.ps1' 155 I CheckAdminRights 3650 Completed with Return Values: False
LIN20002609 vipbhaga [2021-12-20 14:29:21.69510] 'C:\Users\vipbhaga\OneDrive - Capgemini\WORK\PowerShell\PoC\CommonFunctions.ps1' 169 I GetServiceDetailsByName 5714 Started with Parameters: P_JsonServiceName With Values: AdobeARMservice
LIN20002609 vipbhaga [2021-12-20 14:29:21.71067] 'C:\Users\vipbhaga\OneDrive - Capgemini\WORK\PowerShell\PoC\CommonFunctions.ps1' 182 I GetServiceDetailsByName 5714 Completed with Return Values: System.ServiceProcess.ServiceController
LIN20002609 vipbhaga [2021-12-20 14:29:21.72629] 'C:\Users\vipbhaga\OneDrive - Capgemini\WORK\PowerShell\PoC\CommonFunctions.ps1' 237 I Service AdobeARMservice is running and program will try to stop it
LIN20002609 vipbhaga [2021-12-20 14:29:21.73698] 'C:\Users\vipbhaga\OneDrive - Capgemini\WORK\PowerShell\PoC\CommonFunctions.ps1' 248 E Error ERR_0000001 - Unable to Stop Service Service 'Adobe Acrobat Update Service (AdobeARMservice)' cannot be stopped due to the following error: Cannot open AdobeARMservice service on computer '.'. at StopService_ByName<Process>, C:\Users\vipbhaga\OneDrive - Capgemini\WORK\PowerShell\PoC\CommonFunctions.ps1: line 239
at <ScriptBlock>, C:\Users\vipbhaga\OneDrive - Capgemini\WORK\PowerShell\PoC\CommonFunctions.ps1: line 404
LIN20002609 vipbhaga [2021-12-20 14:29:21.74999] 'C:\Users\vipbhaga\OneDrive - Capgemini\WORK\PowerShell\PoC\CommonFunctions.ps1' 254 I StopService_ByName 8226 Completed with Return Values: 
LIN20002609 vipbhaga [2021-12-20 14:29:21.74999] 'C:\Users\vipbhaga\OneDrive - Capgemini\WORK\PowerShell\PoC\CommonFunctions.ps1' 315 I StartService_ByName 7827 Started with Parameters: P_JSONServiceParamName P_AdminRightsRequired With Values: ServiceNameToStart Yes
LIN20002609 vipbhaga [2021-12-20 14:29:21.74999] 'C:\Users\vipbhaga\OneDrive - Capgemini\WORK\PowerShell\PoC\CommonFunctions.ps1' 75 I GetJsonObject 1586 Started with Parameters:  With Values: 
LIN20002609 vipbhaga [2021-12-20 14:29:21.74999] 'C:\Users\vipbhaga\OneDrive - Capgemini\WORK\PowerShell\PoC\CommonFunctions.ps1' 88 I GetJsonObject 1586 Completed with Return Values: 
LIN20002609 vipbhaga [2021-12-20 14:29:21.76562] 'C:\Users\vipbhaga\OneDrive - Capgemini\WORK\PowerShell\PoC\CommonFunctions.ps1' 106 I GetJsonParamValue 6092 Started with Parameters: menu P_Name ErrorAction With Values:  ServiceNameToStart Stop
LIN20002609 vipbhaga [2021-12-20 14:29:21.76562] 'C:\Users\vipbhaga\OneDrive - Capgemini\WORK\PowerShell\PoC\CommonFunctions.ps1' 121 I GetJsonParamValue 6092 Completed with Return Values: Yes AdobeARMservice
LIN20002609 vipbhaga [2021-12-20 14:29:21.76562] 'C:\Users\vipbhaga\OneDrive - Capgemini\WORK\PowerShell\PoC\CommonFunctions.ps1' 137 I CheckAdminRights 0961 Started with Parameters:  With Values: 
LIN20002609 vipbhaga [2021-12-20 14:29:21.76562] 'C:\Users\vipbhaga\OneDrive - Capgemini\WORK\PowerShell\PoC\CommonFunctions.ps1' 150 E Error ERR_0000003 - Admin Rights not there
LIN20002609 vipbhaga [2021-12-20 14:29:21.76562] 'C:\Users\vipbhaga\OneDrive - Capgemini\WORK\PowerShell\PoC\CommonFunctions.ps1' 151 I Admin Rights are not there
LIN20002609 vipbhaga [2021-12-20 14:29:21.77962] 'C:\Users\vipbhaga\OneDrive - Capgemini\WORK\PowerShell\PoC\CommonFunctions.ps1' 155 I CheckAdminRights 0961 Completed with Return Values: False
LIN20002609 vipbhaga [2021-12-20 14:29:21.77962] 'C:\Users\vipbhaga\OneDrive - Capgemini\WORK\PowerShell\PoC\CommonFunctions.ps1' 169 I GetServiceDetailsByName 5610 Started with Parameters: P_JsonServiceName With Values: AdobeARMservice
LIN20002609 vipbhaga [2021-12-20 14:29:21.77962] 'C:\Users\vipbhaga\OneDrive - Capgemini\WORK\PowerShell\PoC\CommonFunctions.ps1' 182 I GetServiceDetailsByName 5610 Completed with Return Values: System.ServiceProcess.ServiceController
LIN20002609 vipbhaga [2021-12-20 14:29:21.79525] 'C:\Users\vipbhaga\OneDrive - Capgemini\WORK\PowerShell\PoC\CommonFunctions.ps1' 328 I Service AdobeARMservice is Already running and can not start it
LIN20002609 vipbhaga [2021-12-20 14:29:21.79525] 'C:\Users\vipbhaga\OneDrive - Capgemini\WORK\PowerShell\PoC\CommonFunctions.ps1' 348 I StartService_ByName 7827 Completed with Return Values: 
LIN20002609 vipbhaga [2021-12-20 15:09:22.80691] 'C:\Users\vipbhaga\OneDrive - Capgemini\WORK\PowerShell\PoC\CommonFunctions.ps1' 221 I StopService_ByName 7799 Started with Parameters: P_JSONServiceParamName P_AdminRightsRequired With Values: ServiceNameToStop Yes
LIN20002609 vipbhaga [2021-12-20 15:09:22.81090] 'C:\Users\vipbhaga\OneDrive - Capgemini\WORK\PowerShell\PoC\CommonFunctions.ps1' 75 I GetJsonObject 4881 Started with Parameters:  With Values: 
LIN20002609 vipbhaga [2021-12-20 15:09:22.81489] 'C:\Users\vipbhaga\OneDrive - Capgemini\WORK\PowerShell\PoC\CommonFunctions.ps1' 88 I GetJsonObject 4881 Completed with Return Values: 
LIN20002609 vipbhaga [2021-12-20 15:09:22.81788] 'C:\Users\vipbhaga\OneDrive - Capgemini\WORK\PowerShell\PoC\CommonFunctions.ps1' 106 I GetJsonParamValue 4416 Started with Parameters: menu P_Name With Values:  ServiceNameToStop
LIN20002609 vipbhaga [2021-12-20 15:09:22.81988] 'C:\Users\vipbhaga\OneDrive - Capgemini\WORK\PowerShell\PoC\CommonFunctions.ps1' 121 I GetJsonParamValue 4416 Completed with Return Values: Yes AdobeARMservice
LIN20002609 vipbhaga [2021-12-20 15:09:22.82645] 'C:\Users\vipbhaga\OneDrive - Capgemini\WORK\PowerShell\PoC\CommonFunctions.ps1' 137 I CheckAdminRights 8615 Started with Parameters:  With Values: 
LIN20002609 vipbhaga [2021-12-20 15:09:22.82845] 'C:\Users\vipbhaga\OneDrive - Capgemini\WORK\PowerShell\PoC\CommonFunctions.ps1' 150 E Error ERR_0000003 - Admin Rights not there
LIN20002609 vipbhaga [2021-12-20 15:09:22.83144] 'C:\Users\vipbhaga\OneDrive - Capgemini\WORK\PowerShell\PoC\CommonFunctions.ps1' 151 I Admin Rights are not there
LIN20002609 vipbhaga [2021-12-20 15:09:22.83344] 'C:\Users\vipbhaga\OneDrive - Capgemini\WORK\PowerShell\PoC\CommonFunctions.ps1' 155 I CheckAdminRights 8615 Completed with Return Values: False
LIN20002609 vipbhaga [2021-12-20 15:09:22.83643] 'C:\Users\vipbhaga\OneDrive - Capgemini\WORK\PowerShell\PoC\CommonFunctions.ps1' 169 I GetServiceDetailsByName 3182 Started with Parameters: P_JsonServiceName With Values: AdobeARMservice
LIN20002609 vipbhaga [2021-12-20 15:09:22.84640] 'C:\Users\vipbhaga\OneDrive - Capgemini\WORK\PowerShell\PoC\CommonFunctions.ps1' 182 I GetServiceDetailsByName 3182 Completed with Return Values: System.ServiceProcess.ServiceController
LIN20002609 vipbhaga [2021-12-20 15:09:22.84986] 'C:\Users\vipbhaga\OneDrive - Capgemini\WORK\PowerShell\PoC\CommonFunctions.ps1' 237 I Service AdobeARMservice is running and program will try to stop it
LIN20002609 vipbhaga [2021-12-20 15:09:22.85984] 'C:\Users\vipbhaga\OneDrive - Capgemini\WORK\PowerShell\PoC\CommonFunctions.ps1' 248 E Error ERR_0000001 - Unable to Stop Service Service 'Adobe Acrobat Update Service (AdobeARMservice)' cannot be stopped due to the following error: Cannot open AdobeARMservice service on computer '.'. at StopService_ByName<Process>, C:\Users\vipbhaga\OneDrive - Capgemini\WORK\PowerShell\PoC\CommonFunctions.ps1: line 239
at <ScriptBlock>, C:\Users\vipbhaga\OneDrive - Capgemini\WORK\PowerShell\PoC\CommonFunctions.ps1: line 454
LIN20002609 vipbhaga [2021-12-20 15:09:22.86582] 'C:\Users\vipbhaga\OneDrive - Capgemini\WORK\PowerShell\PoC\CommonFunctions.ps1' 254 I StopService_ByName 7799 Completed with Return Values: 
LIN20002609 vipbhaga [2021-12-20 15:09:22.86981] 'C:\Users\vipbhaga\OneDrive - Capgemini\WORK\PowerShell\PoC\CommonFunctions.ps1' 315 I StartService_ByName 4659 Started with Parameters: P_JSONServiceParamName P_AdminRightsRequired With Values: ServiceNameToStart Yes
LIN20002609 vipbhaga [2021-12-20 15:09:22.87182] 'C:\Users\vipbhaga\OneDrive - Capgemini\WORK\PowerShell\PoC\CommonFunctions.ps1' 75 I GetJsonObject 4961 Started with Parameters:  With Values: 
LIN20002609 vipbhaga [2021-12-20 15:09:22.87480] 'C:\Users\vipbhaga\OneDrive - Capgemini\WORK\PowerShell\PoC\CommonFunctions.ps1' 88 I GetJsonObject 4961 Completed with Return Values: 
LIN20002609 vipbhaga [2021-12-20 15:09:22.87679] 'C:\Users\vipbhaga\OneDrive - Capgemini\WORK\PowerShell\PoC\CommonFunctions.ps1' 106 I GetJsonParamValue 3034 Started with Parameters: menu P_Name ErrorAction With Values:  ServiceNameToStart Stop
LIN20002609 vipbhaga [2021-12-20 15:09:22.87879] 'C:\Users\vipbhaga\OneDrive - Capgemini\WORK\PowerShell\PoC\CommonFunctions.ps1' 121 I GetJsonParamValue 3034 Completed with Return Values: Yes AdobeARMservice
LIN20002609 vipbhaga [2021-12-20 15:09:22.88297] 'C:\Users\vipbhaga\OneDrive - Capgemini\WORK\PowerShell\PoC\CommonFunctions.ps1' 137 I CheckAdminRights 7133 Started with Parameters:  With Values: 
LIN20002609 vipbhaga [2021-12-20 15:09:22.88797] 'C:\Users\vipbhaga\OneDrive - Capgemini\WORK\PowerShell\PoC\CommonFunctions.ps1' 150 E Error ERR_0000003 - Admin Rights not there
LIN20002609 vipbhaga [2021-12-20 15:09:22.89195] 'C:\Users\vipbhaga\OneDrive - Capgemini\WORK\PowerShell\PoC\CommonFunctions.ps1' 151 I Admin Rights are not there
LIN20002609 vipbhaga [2021-12-20 15:09:22.89395] 'C:\Users\vipbhaga\OneDrive - Capgemini\WORK\PowerShell\PoC\CommonFunctions.ps1' 155 I CheckAdminRights 7133 Completed with Return Values: False
LIN20002609 vipbhaga [2021-12-20 15:09:22.89694] 'C:\Users\vipbhaga\OneDrive - Capgemini\WORK\PowerShell\PoC\CommonFunctions.ps1' 169 I GetServiceDetailsByName 1166 Started with Parameters: P_JsonServiceName With Values: AdobeARMservice
LIN20002609 vipbhaga [2021-12-20 15:09:22.90591] 'C:\Users\vipbhaga\OneDrive - Capgemini\WORK\PowerShell\PoC\CommonFunctions.ps1' 182 I GetServiceDetailsByName 1166 Completed with Return Values: System.ServiceProcess.ServiceController
LIN20002609 vipbhaga [2021-12-20 15:09:22.91090] 'C:\Users\vipbhaga\OneDrive - Capgemini\WORK\PowerShell\PoC\CommonFunctions.ps1' 328 I Service AdobeARMservice is Already running and can not start it
LIN20002609 vipbhaga [2021-12-20 15:09:22.91290] 'C:\Users\vipbhaga\OneDrive - Capgemini\WORK\PowerShell\PoC\CommonFunctions.ps1' 348 I StartService_ByName 4659 Completed with Return Values: 
LIN20002609 vipbhaga [2021-12-20 15:11:13.68689] 'C:\Users\vipbhaga\OneDrive - Capgemini\WORK\PowerShell\PoC\CommonFunctions.ps1' 416 I SearchFileForRegEx  4546 Started with Parameters: P_FilePath P_RegExHashTable With Values: LIN20002609.log System.Collections.Hashtable
LIN20002609 vipbhaga [2021-12-20 15:12:48.39756] 'C:\Users\vipbhaga\OneDrive - Capgemini\WORK\PowerShell\PoC\CommonFunctions.ps1' 416 I SearchFileForRegEx  7938 Started with Parameters: P_FilePath P_RegExHashTable With Values: LIN20002609.log System.Collections.Hashtable
